Log file open, 09/22/17 18:32:32
LogWindows: LoadLibraryWithSearchPaths failed for file aqProf.dll. GetLastError=0
LogWindows: LoadLibraryWithSearchPaths failed for file VSPerf140.dll. GetLastError=0
LogWindows: LoadLibraryWithSearchPaths failed for file VtuneApi.dll. GetLastError=0
LogWindows: LoadLibraryWithSearchPaths failed for file VtuneApi32e.dll. GetLastError=0
LogInit: Display: Running engine for game: EDM_Project
LogPlatformFile: Not using cached read wrapper
LogInit: Display: RandInit(1266509007) SRandInit(1266509007).
LogTaskGraph: Started task graph with 5 named threads and 14 total threads with 3 sets of task threads.
LogStats: Stats thread started at 0.239654
LogD3D11RHI: Aftermath initialized
LogPluginManager: Mounting plugin Paper2D
LogPluginManager: Mounting plugin LightPropagationVolume
LogPluginManager: Mounting plugin CodeLiteSourceCodeAccess
LogPluginManager: Mounting plugin GitSourceControl
LogPluginManager: Mounting plugin KDevelopSourceCodeAccess
LogPluginManager: Mounting plugin NullSourceCodeAccess
LogPluginManager: Mounting plugin PerforceSourceControl
LogPluginManager: Mounting plugin SubversionSourceControl
LogPluginManager: Mounting plugin UObjectPlugin
LogPluginManager: Mounting plugin VisualStudioSourceCodeAccess
LogPluginManager: Mounting plugin XCodeSourceCodeAccess
LogPluginManager: Mounting plugin AssetManagerEditor
LogPluginManager: Mounting plugin AudioCapture
LogPluginManager: Mounting plugin FacialAnimation
LogPluginManager: Mounting plugin GameplayTagsEditor
LogPluginManager: Mounting plugin MobileLauncherProfileWizard
LogPluginManager: Mounting plugin PluginBrowser
LogPluginManager: Mounting plugin SpeedTreeImporter
LogPluginManager: Mounting plugin AlembicImporter
LogPluginManager: Mounting plugin CharacterAI
LogPluginManager: Mounting plugin HTML5Networking
LogPluginManager: Mounting plugin AndroidMedia
LogPluginManager: Mounting plugin AvfMedia
LogPluginManager: Mounting plugin MediaPlayerEditor
LogPluginManager: Mounting plugin WmfMedia
LogPluginManager: Mounting plugin TcpMessaging
LogPluginManager: Mounting plugin UdpMessaging
LogPluginManager: Mounting plugin LevelSequenceEditor
LogPluginManager: Mounting plugin MatineeToLevelSequence
LogPluginManager: Mounting plugin OnlineSubsystemGooglePlay
LogPluginManager: Mounting plugin OnlineSubsystemIOS
LogPluginManager: Mounting plugin OnlineSubsystem
LogPluginManager: Mounting plugin OnlineSubsystemNull
LogPluginManager: Mounting plugin OnlineSubsystemUtils
LogPluginManager: Mounting plugin AndroidDeviceProfileSelector
LogPluginManager: Mounting plugin AndroidMoviePlayer
LogPluginManager: Mounting plugin AndroidPermission
LogPluginManager: Mounting plugin AppleMoviePlayer
LogPluginManager: Mounting plugin ArchVisCharacter
LogPluginManager: Mounting plugin CableComponent
LogPluginManager: Mounting plugin CustomMeshComponent
LogPluginManager: Mounting plugin ExampleDeviceProfileSelector
LogPluginManager: Mounting plugin GoogleCloudMessaging
LogPluginManager: Mounting plugin ImmediatePhysics
LogPluginManager: Mounting plugin IOSDeviceProfileSelector
LogPluginManager: Mounting plugin LinuxDeviceProfileSelector
LogPluginManager: Mounting plugin LocationServicesBPLibrary
LogPluginManager: Mounting plugin MobilePatchingUtils
LogPluginManager: Mounting plugin OculusVR
LogPluginManager: Mounting plugin PhysXVehicles
LogPluginManager: Mounting plugin ProceduralMeshComponent
LogPluginManager: Mounting plugin RuntimePhysXCooking
LogPluginManager: Mounting plugin SteamVR
LogPluginManager: Mounting plugin WindowsMoviePlayer
LogInit: Using libcurl 7.47.1
LogInit:  - built for x86_64-pc-win32
LogInit:  - supports SSL with OpenSSL/1.0.2g
LogInit:  - supports HTTP deflate (compression) using libz 1.2.8
LogInit:  - other features:
LogInit:      CURL_VERSION_SSL
LogInit:      CURL_VERSION_LIBZ
LogInit:      CURL_VERSION_IPV6
LogInit:      CURL_VERSION_ASYNCHDNS
LogInit:      CURL_VERSION_LARGEFILE
LogInit:      CURL_VERSION_IDN
LogInit:  CurlRequestOptions (configurable via config and command line):
LogInit:  - bVerifyPeer = false  - Libcurl will NOT verify peer certificate
LogInit:  - bUseHttpProxy = false  - Libcurl will NOT use HTTP proxy
LogInit:  - bDontReuseConnections = false  - Libcurl will reuse connections
LogInit:  - CertBundlePath = nullptr  - Libcurl will use whatever was configured at build time.
LogInit: Build: ++UE4+Release-4.17-CL-3586342
LogInit: Engine Version: 4.17.1-3586342+++UE4+Release-4.17
LogInit: Compatible Engine Version: 4.17.0-3573198+++UE4+Release-4.17
LogInit: Net CL: 3573198
LogDevObjectVersion: Number of dev versions registered: 16
LogDevObjectVersion:   Dev-Blueprints (B0D832E4-1F89-4F0D-ACCF-7EB736FD4AA2): 10
LogDevObjectVersion:   Dev-Build (E1C64328-A22C-4D53-A36C-8E866417BD8C): 0
LogDevObjectVersion:   Dev-Core (375EC13C-06E4-48FB-B500-84F0262A717E): 2
LogDevObjectVersion:   Dev-Editor (E4B068ED-F494-42E9-A231-DA0B2E46BB41): 20
LogDevObjectVersion:   Dev-Framework (CFFC743F-43B0-4480-9391-14DF171D2073): 28
LogDevObjectVersion:   Dev-Mobile (B02B49B5-BB20-44E9-A304-32B752E40360): 0
LogDevObjectVersion:   Dev-Networking (A4E4105C-59A1-49B5-A7C5-40C4547EDFEE): 0
LogDevObjectVersion:   Dev-Online (39C831C9-5AE6-47DC-9A44-9C173E1C8E7C): 0
LogDevObjectVersion:   Dev-Physics (78F01B33-EBEA-4F98-B9B4-84EACCB95AA2): 0
LogDevObjectVersion:   Dev-Platform (6631380F-2D4D-43E0-8009-CF276956A95A): 0
LogDevObjectVersion:   Dev-Rendering (12F88B9F-8875-4AFC-A67C-D90C383ABD29): 19
LogDevObjectVersion:   Dev-Sequencer (7B5AE74C-D270-4C10-A958-57980B212A5A): 4
LogDevObjectVersion:   Dev-VR (D7296918-1DD6-4BDD-9DE2-64A83CC13884): 0
LogDevObjectVersion:   Dev-LoadTimes (C2A15278-BFE7-4AFE-6C17-90FF531DF755): 1
LogDevObjectVersion:   Private-Geometry (6EACA3D4-40EC-4CC1-B786-8BED09428FC5): 1
LogDevObjectVersion:   Dev-AnimPhys (29E575DD-E0A3-4627-9D10-D276232CDCEA): 7
LogInit: Compiled (64-bit): Aug 15 2017 02:05:26
LogInit: Compiled with Visual C++: 19.00.24215.01
LogInit: Build Configuration: Development
LogInit: Branch Name: ++UE4+Release-4.17
LogInit: Command line:  
LogInit: Base directory: D:/Program files/EpicGames/UE_4.17/Engine/Binaries/Win64/
LogInit: Installed Engine Build: 1
LogInit: Presizing for max 8388607 objects, including 0 objects not considered by GC, pre-allocating 0 bytes for permanent pool.
LogInit: Object subsystem initialized
[2017.09.22-09.32.33:955][  0]LogInit: Selected Device Profile: [Windows]
[2017.09.22-09.32.33:955][  0]LogInit: Applying CVar settings loaded from the selected device profile: [Windows]
[2017.09.22-09.32.34:062][  0]LogInit: Computer: DESKTOP-IDGP5AN
[2017.09.22-09.32.34:062][  0]LogInit: User: sada
[2017.09.22-09.32.34:062][  0]LogInit: CPU Page size=4096, Cores=4
[2017.09.22-09.32.34:062][  0]LogInit: High frequency timer resolution =2.742188 MHz
[2017.09.22-09.32.34:062][  0]LogMemory: Memory total: Physical=15.9GB (16GB approx)
[2017.09.22-09.32.34:069][  0]LogMemory: Platform Memory Stats for Windows
[2017.09.22-09.32.34:069][  0]LogMemory: Process Physical Memory: 279.14 MB used, 279.14 MB peak
[2017.09.22-09.32.34:069][  0]LogMemory: Process Virtual Memory: 274.12 MB used, 274.12 MB peak
[2017.09.22-09.32.34:069][  0]LogMemory: Physical Memory: 6162.77 MB used,  10094.27 MB free, 16257.05 MB total
[2017.09.22-09.32.34:069][  0]LogMemory: Virtual Memory: 668.44 MB used,  10094.27 MB free, 134217728.00 MB total
[2017.09.22-09.32.35:284][  0]LogInit: Using OS detected language (ja-JP).
[2017.09.22-09.32.35:284][  0]LogInit: Using OS detected locale (ja-JP).
[2017.09.22-09.32.35:481][  0]LogTextLocalizationManager: No specific localization for 'ja-JP' exists, so the 'ja' localization will be used.
[2017.09.22-09.32.38:663][  0]LogD3D11RHI: D3D11 adapters:
[2017.09.22-09.32.38:936][  0]LogD3D11RHI:    0. 'NVIDIA GeForce GTX 1060' (Feature Level 11_0)
[2017.09.22-09.32.38:936][  0]LogD3D11RHI:       6084/0/8128 MB DedicatedVideo/DedicatedSystem/SharedSystem, Outputs:2, VendorId:0x10de
[2017.09.22-09.32.38:957][  0]LogD3D11RHI:    1. 'Intel(R) HD Graphics 630' (Feature Level 11_0)
[2017.09.22-09.32.38:957][  0]LogD3D11RHI:       128/0/8128 MB DedicatedVideo/DedicatedSystem/SharedSystem, Outputs:0, VendorId:0x8086
[2017.09.22-09.32.38:958][  0]LogD3D11RHI:    2. 'Microsoft Basic Render Driver' (Feature Level 11_0)
[2017.09.22-09.32.38:958][  0]LogD3D11RHI:       0/0/8128 MB DedicatedVideo/DedicatedSystem/SharedSystem, Outputs:0, VendorId:0x1414
[2017.09.22-09.32.38:958][  0]LogD3D11RHI: Chosen D3D11 Adapter: 0
[2017.09.22-09.32.38:977][  0]LogD3D11RHI: Creating new Direct3DDevice
[2017.09.22-09.32.38:978][  0]LogD3D11RHI:     GPU DeviceId: 0x1c60 (for the marketing name, search the web for "GPU Device Id")
[2017.09.22-09.32.38:978][  0]LogWindows: EnumDisplayDevices:
[2017.09.22-09.32.38:978][  0]LogWindows:    0. 'NVIDIA GeForce GTX 1060' (P:1 D:1)
[2017.09.22-09.32.38:979][  0]LogWindows:    1. 'NVIDIA GeForce GTX 1060' (P:0 D:1)
[2017.09.22-09.32.38:979][  0]LogWindows:    2. 'NVIDIA GeForce GTX 1060' (P:0 D:0)
[2017.09.22-09.32.38:979][  0]LogWindows:    3. 'NVIDIA GeForce GTX 1060' (P:0 D:0)
[2017.09.22-09.32.38:980][  0]LogWindows:    4. 'Intel(R) HD Graphics 630' (P:0 D:0)
[2017.09.22-09.32.38:980][  0]LogWindows:    5. 'Intel(R) HD Graphics 630' (P:0 D:0)
[2017.09.22-09.32.38:980][  0]LogWindows:    6. 'Intel(R) HD Graphics 630' (P:0 D:0)
[2017.09.22-09.32.38:980][  0]LogWindows: DebugString: PrimaryIsNotTheChoosenAdapter PrimaryIsNotTheChoosenAdapter PrimaryIsNotTheChoosenAdapter FoundDriverCount:4 
[2017.09.22-09.32.38:980][  0]LogD3D11RHI:     Adapter Name: NVIDIA GeForce GTX 1060
[2017.09.22-09.32.38:981][  0]LogD3D11RHI:   Driver Version: 382.33 (internal:22.21.13.8233, unified:382.33)
[2017.09.22-09.32.38:981][  0]LogD3D11RHI:      Driver Date: 5-17-2017
[2017.09.22-09.32.38:981][  0]LogRHI: Texture pool is 1361 MB (70% of 1945 MB)
[2017.09.22-09.32.39:239][  0]LogD3D11RHI: Async texture creation enabled
[2017.09.22-09.32.39:554][  0]LogD3D11RHI: GPU Timing Frequency: 1000.000000 (Debug: 2 1)
[2017.09.22-09.32.39:716][  0]LogShaderCompilers: Guid format shader working directory is -38 characters bigger than the processId version (../../../../../../sada-/Documents/GitProjects/EquestriaDefenseMares/EDM_Project 4.17/Intermediate/Shaders/WorkingDirectory/2308/).
[2017.09.22-09.32.39:716][  0]LogShaderCompilers: Cleaned the shader compiler working directory 'C:/Users/sada-/AppData/Local/Temp/UnrealShaderWorkingDir/9D50CE4B45A677EFAF62E1866952ACAF/'.
[2017.09.22-09.32.39:733][  0]LogShaderCompilers: Display: Using Local Shader Compiler.
[2017.09.22-09.32.43:116][  0]LogTemp: Display: Loaded TP AllDesktopTargetPlatform
[2017.09.22-09.32.43:155][  0]LogTemp: Display: Loaded TP MacClientTargetPlatform
[2017.09.22-09.32.43:193][  0]LogTemp: Display: Loaded TP MacNoEditorTargetPlatform
[2017.09.22-09.32.43:233][  0]LogTemp: Display: Loaded TP MacServerTargetPlatform
[2017.09.22-09.32.43:294][  0]LogTemp: Display: Loaded TP MacTargetPlatform
[2017.09.22-09.32.43:336][  0]LogTemp: Display: Loaded TP WindowsClientTargetPlatform
[2017.09.22-09.32.43:375][  0]LogTemp: Display: Loaded TP WindowsNoEditorTargetPlatform
[2017.09.22-09.32.43:413][  0]LogTemp: Display: Loaded TP WindowsServerTargetPlatform
[2017.09.22-09.32.43:446][  0]LogTemp: Display: Loaded TP WindowsTargetPlatform
[2017.09.22-09.32.43:494][  0]LogTemp: Display: Loaded TP AndroidTargetPlatform
[2017.09.22-09.32.43:532][  0]LogTemp: Display: Loaded TP Android_ASTCTargetPlatform
[2017.09.22-09.32.43:572][  0]LogTemp: Display: Loaded TP Android_ATCTargetPlatform
[2017.09.22-09.32.43:611][  0]LogTemp: Display: Loaded TP Android_DXTTargetPlatform
[2017.09.22-09.32.43:650][  0]LogTemp: Display: Loaded TP Android_ETC1TargetPlatform
[2017.09.22-09.32.43:687][  0]LogTemp: Display: Loaded TP Android_ETC2TargetPlatform
[2017.09.22-09.32.43:763][  0]LogTemp: Display: Loaded TP Android_MultiTargetPlatform
[2017.09.22-09.32.43:763][  0]LogTemp: Display: Loaded TP Android_PVRTCTargetPlatform
[2017.09.22-09.32.43:793][  0]LogTemp: Display: Loaded TP HTML5TargetPlatform
[2017.09.22-09.32.43:943][  0]LogTemp: Display: Loaded TP IOSTargetPlatform
[2017.09.22-09.32.43:974][  0]LogTemp: Display: Loaded TP TVOSTargetPlatform
[2017.09.22-09.32.44:013][  0]LogTemp: Display: Loaded TP LinuxClientTargetPlatform
[2017.09.22-09.32.44:053][  0]LogTemp: Display: Loaded TP LinuxNoEditorTargetPlatform
[2017.09.22-09.32.44:091][  0]LogTemp: Display: Loaded TP LinuxServerTargetPlatform
[2017.09.22-09.32.44:134][  0]LogTemp: Display: Loaded TP LinuxTargetPlatform
[2017.09.22-09.32.44:134][  0]LogTargetPlatformManager: Display: Building Assets For Windows
[2017.09.22-09.32.45:345][  0]LogDerivedDataCache: Display: Max Cache Size: 512 MB
[2017.09.22-09.32.45:735][  0]LogDerivedDataCache: Loaded boot cache 0.39s 93MB C:/Users/sada-/AppData/Local/UnrealEngine/4.17/DerivedDataCache/Boot.ddc.
[2017.09.22-09.32.45:735][  0]LogDerivedDataCache: Display: Loaded Boot cache: C:/Users/sada-/AppData/Local/UnrealEngine/4.17/DerivedDataCache/Boot.ddc
[2017.09.22-09.32.45:735][  0]LogDerivedDataCache: FDerivedDataBackendGraph:  Pak pak cache file ../../../../../../sada-/Documents/GitProjects/EquestriaDefenseMares/EDM_Project 4.17/DerivedDataCache/DDC.ddp not found, will not use a pak cache.
[2017.09.22-09.32.45:735][  0]LogDerivedDataCache: Unable to find inner node Pak for hierarchical cache Hierarchy.
[2017.09.22-09.32.45:736][  0]LogDerivedDataCache: FDerivedDataBackendGraph:  CompressedPak pak cache file ../../../../../../sada-/Documents/GitProjects/EquestriaDefenseMares/EDM_Project 4.17/DerivedDataCache/Compressed.ddp not found, will not use a pak cache.
[2017.09.22-09.32.45:736][  0]LogDerivedDataCache: Unable to find inner node CompressedPak for hierarchical cache Hierarchy.
[2017.09.22-09.32.45:799][  0]LogDerivedDataCache: Display: Pak cache opened for reading ../../../Engine/DerivedDataCache/Compressed.ddp.
[2017.09.22-09.32.45:812][  0]LogDerivedDataCache: Using Local data cache path C:/Users/sada-/AppData/Local/UnrealEngine/Common/DerivedDataCache: Writable
[2017.09.22-09.32.45:881][  0]LogMaterial: Verifying Global Shaders for PCD3D_SM5
[2017.09.22-09.32.45:954][  0]LogSlate: Using Freetype 2.6.0
[2017.09.22-09.32.46:045][  0]LogSlate: SlateFontCache - WITH_FREETYPE: 1, WITH_HARFBUZZ: 1
[2017.09.22-09.32.46:056][  0]LogSlate: SlateFontCache - WITH_FREETYPE: 1, WITH_HARFBUZZ: 1
[2017.09.22-09.32.54:033][  0]LogAssetRegistry: FAssetRegistry took 0.0498 seconds to start up
[2017.09.22-09.32.55:417][  0]LogInit: Selected Device Profile: [Windows]
[2017.09.22-09.32.59:226][  0]LogSimplygon: Simplygon DLL not present - disabling.
[2017.09.22-09.32.59:271][  0]LogMeshReduction: Using SimplygonSwarm for distributed automatic mesh merging
[2017.09.22-09.32.59:281][  0]LogMeshReduction: Using QuadricMeshReduction for automatic static mesh reduction
[2017.09.22-09.32.59:281][  0]LogMeshReduction: No automatic skeletal mesh reduction module available
[2017.09.22-09.32.59:281][  0]LogMeshReduction: No automatic mesh merging module available
[2017.09.22-09.32.59:281][  0]LogMeshMerging: No automatic mesh merging module available
[2017.09.22-09.32.59:466][  0]LogContentStreaming: Texture pool size is 0.00 MB
[2017.09.22-09.33.02:303][  0]LogNetVersion: EDM_Project , NetCL: 3573198, EngineNetVer: 2, GameNetVer: 0 (Checksum: 837991864)
[2017.09.22-09.33.03:586][  0]LogPackageLocalizationCache: Processed 5 localized package path(s) for 2 prioritized culture(s) in 0.174106 seconds
[2017.09.22-09.33.03:601][  0]LogUObjectArray: 35825 objects as part of root set at end of initial load.
[2017.09.22-09.33.03:601][  0]LogUObjectAllocator: 7529104 out of 0 bytes used by permanent object pool.
[2017.09.22-09.33.03:601][  0]LogUObjectArray: CloseDisregardForGC: 0/0 objects in disregard for GC pool
[2017.09.22-09.33.03:647][  0]LogInit: WinSock: version 1.1 (2.2), MaxSocks=32767, MaxUdp=65467
[2017.09.22-09.33.14:849][  0]LogTcpMessaging: Initializing TcpMessaging bridge
[2017.09.22-09.33.14:894][  0]LogUdpMessaging: Initializing bridge on interface 0.0.0.0:0 to multicast group 230.0.0.1:6666.
[2017.09.22-09.33.16:101][  0]LogMaterial: Uniform references updated for custom material expression Custom.
[2017.09.22-09.33.16:885][  0]SourceControl: ソースコントロールは無効です
[2017.09.22-09.33.16:885][  0]SourceControl: ソースコントロールは無効です
[2017.09.22-09.33.16:953][  0]SourceControl: ソースコントロールは無効です
[2017.09.22-09.33.17:000][  0]SourceControl: ソースコントロールは無効です
[2017.09.22-09.33.17:787][  0]LogAndroidPermission: UAndroidPermissionCallbackProxy::GetInstance
[2017.09.22-09.33.17:997][  0]LogOcInput: OculusInput pre-init called
[2017.09.22-09.33.18:615][  0]LogEngine: Initializing Engine...
[2017.09.22-09.33.18:648][  0]LogHMD: Failed to initialize OpenVR with code 110
[2017.09.22-09.33.19:300][  0]LogStats: UGameplayTagsManager::ConstructGameplayTagTree: Construct from data asset -  0.000 s
[2017.09.22-09.33.19:301][  0]LogStats: UGameplayTagsManager::ConstructGameplayTagTree: GameplayTagTreeChangedEvent.Broadcast -  0.000 s
[2017.09.22-09.33.19:748][  0]LogAIModule: Creating AISystem for world Untitled
[2017.09.22-09.33.19:914][  0]LogInit: XAudio2 using 'スピーカー / ヘッドホン (Realtek Audio)' : 6 channels at 48 kHz using 32 bits per sample (channel mask 0x3f)
[2017.09.22-09.33.20:341][  0]LogInit: FAudioDevice initialized.
[2017.09.22-09.33.20:433][  0]LogDerivedDataCache: Saved boot cache 0.09s 93MB C:/Users/sada-/AppData/Local/UnrealEngine/4.17/DerivedDataCache/Boot.ddc.
[2017.09.22-09.33.20:460][  0]LogInit: Texture streaming: Enabled
[2017.09.22-09.33.20:617][  0]LogEngineSessionManager: EngineSessionManager initialized
[2017.09.22-09.33.21:085][  0]LogInit: Transaction tracking system initialized
[2017.09.22-09.33.21:535][  0]BlueprintLog: New page: エディタの読み込み
[2017.09.22-09.33.22:905][  0]LocalizationService: ローカライズのサービスが無効になりました
[2017.09.22-09.33.23:850][  0]LogConsoleResponse: Display: 
[2017.09.22-09.33.26:023][  0]LogFileCache: Scanning file cache for directory 'D:/sada-/Documents/GitProjects/EquestriaDefenseMares/EDM_Project 4.17/Content/' took 0.08s
[2017.09.22-09.33.26:023][  0]LogCook: Display: Max memory allowance for cook 16384mb min free memory 0mb
[2017.09.22-09.33.26:023][  0]LogCook: Display: Mobile HDR setting 1
[2017.09.22-09.33.26:097][  0]LogGameplayTags: Display: UGameplayTagsManager::DoneAddingNativeTags. DelegateIsBound: 0
[2017.09.22-09.33.28:598][  0]SourceControl: ソースコントロールは無効です
[2017.09.22-09.33.28:642][  0]Cmd: MAP LOAD FILE="../../../../../../sada-/Documents/GitProjects/EquestriaDefenseMares/EDM_Project 4.17/Content/SideScrollerBP/Maps/SideScrollerExampleMap.umap" TEMPLATE=0 SHOWPROGRESS=1 FEATURELEVEL=3
[2017.09.22-09.33.28:658][  0]LightingResults: New page: ライティングのビルド
[2017.09.22-09.33.28:836][  0]MapCheck: New page: マップをチェック
[2017.09.22-09.33.28:837][  0]LightingResults: New page: <何も選択されていません>
[2017.09.22-09.33.30:179][  0]LogBlueprint: Warning: [BP_Lily] 'IKoffsetRightFoot' variable not found. Base class was probably changed.
[2017.09.22-09.33.30:179][  0]LogBlueprint: Warning: [BP_Lily] 'IKoffsetLeftFoot' variable not found. Base class was probably changed.
[2017.09.22-09.33.30:215][  0]LogBlueprint: Warning: [Compiler BP_Lily] "IKoffsetLeftFoot"という名前の変数は 'BP_Lily'にありません。
'BP_Lily' が  IKoffsetLeftFoot を取得  用にコンパイルされていることを確認してください。
[2017.09.22-09.33.30:215][  0]LogBlueprint: Warning: [Compiler BP_Lily] "IKoffsetRightFoot"という名前の変数は 'BP_Lily'にありません。
'BP_Lily' が  IKoffsetRightFoot を取得  用にコンパイルされていることを確認してください。
[2017.09.22-09.33.30:215][  0]LogBlueprint: Warning: [Compiler BP_Lily] ピン  Object  と  Return Value  は接続できません： This cast has an invalid target type (was the class deleted without a redirect?).
[2017.09.22-09.33.30:215][  0]LogBlueprint: Warning: [Compiler BP_Lily] ピン  Return Value  と  Object  は接続できません： This cast has an invalid target type (was the class deleted without a redirect?).
[2017.09.22-09.33.30:233][  0]LogBlueprint: Warning: [Compiler BP_Lily] [0063.41] Compile of BP_Lily successful, but with 4 Warning(s) [in 106 ms] (/Game/Geometry/Lily/BP_Lily.BP_Lily)
[2017.09.22-09.33.36:563][  0]LogAIModule: Creating AISystem for world SideScrollerExampleMap
[2017.09.22-09.33.37:030][  0]LogEditorServer: Finished looking for orphan Actors (0.000 secs)
[2017.09.22-09.33.37:137][  0]Cmd: MAP CHECKDEP NOCLEARLOG
[2017.09.22-09.33.37:205][  0]MapCheck: マップチェックが完了: 0 エラー、 0 警告、完了に 67.694ミリ秒かかりました。
[2017.09.22-09.33.37:206][  0]LogFileHelpers: Loading map 'SideScrollerExampleMap' took 8.587
[2017.09.22-09.33.38:536][  0]LogCollectionManager: Loaded 0 collections in 0.001188 seconds
[2017.09.22-09.33.38:673][  0]LogFileCache: Scanning file cache for directory 'D:/sada-/Documents/GitProjects/EquestriaDefenseMares/EDM_Project 4.17/Saved/Collections/' took 0.01s
[2017.09.22-09.33.38:673][  0]LogFileCache: Scanning file cache for directory 'D:/sada-/Documents/GitProjects/EquestriaDefenseMares/EDM_Project 4.17/Content/Developers/sada/Collections/' took 0.01s
[2017.09.22-09.33.38:673][  0]LogFileCache: Scanning file cache for directory 'D:/sada-/Documents/GitProjects/EquestriaDefenseMares/EDM_Project 4.17/Content/Collections/' took 0.01s
[2017.09.22-09.33.38:673][  0]LogCollectionManager: Rebuilt the GUID cache for 0 collections in 0.000000 seconds
[2017.09.22-09.33.38:690][  0]LogContentBrowser: Native class hierarchy populated in 0.0157 seconds. Added 2386 classes and 500 folders.
[2017.09.22-09.33.38:813][  0]LogContentBrowser: Native class hierarchy updated for 'WidgetCarousel' in 0.0011 seconds. Added 0 classes and 0 folders.
[2017.09.22-09.33.40:034][  0]LogContentBrowser: Native class hierarchy updated for 'AddContentDialog' in 0.0009 seconds. Added 0 classes and 0 folders.
[2017.09.22-09.33.40:109][  0]LogContentBrowser: Native class hierarchy updated for 'SceneOutliner' in 0.0008 seconds. Added 1 classes and 2 folders.
[2017.09.22-09.33.41:189][  0]LogSlate: Took 0.062330 seconds to synchronously load lazily loaded font '../../../Engine/Content/Slate/Fonts/Roboto-Regular.ttf' (155K)
[2017.09.22-09.33.41:245][  0]LogSlate: Took 0.046774 seconds to synchronously load lazily loaded font '../../../Engine/Content/Slate/Fonts/DroidSansFallback.ttf' (3848K)
[2017.09.22-09.33.41:258][  0]LogSlate: Took 0.011159 seconds to synchronously load lazily loaded font '../../../Engine/Content/Slate/Fonts/Roboto-Bold.ttf' (160K)
[2017.09.22-09.33.41:312][  0]LogSlate: Took 0.013650 seconds to synchronously load lazily loaded font '../../../Engine/Content/Editor/Slate/Fonts/FontAwesome.ttf' (139K)
[2017.09.22-09.33.41:695][  0]LogRenderer: Reallocating scene render targets to support 916x516 Format 10 NumSamples 1 (Frame:1).
[2017.09.22-09.33.42:168][  0]LogContentBrowser: Native class hierarchy updated for 'HierarchicalLODOutliner' in 0.0011 seconds. Added 1 classes and 2 folders.
[2017.09.22-09.33.42:168][  0]LogLoad: (Engine Initialization) Total time: 75.34 seconds
[2017.09.22-09.33.42:168][  0]LogLoad: (Engine Initialization) Total Blueprint compile time: 0.00 seconds
[2017.09.22-09.33.42:174][  0]LogExternalProfiler: No external profilers were discovered.  External profiling features will not be available.
[2017.09.22-09.33.42:307][  0]LogContentStreaming: Texture pool size now 1000 MB
[2017.09.22-09.33.42:478][  0]LogSlate: Took 0.018402 seconds to synchronously load lazily loaded font '../../../Engine/Content/Slate/Fonts/Roboto-Light.ttf' (159K)
[2017.09.22-09.33.42:608][  3]LogAssetRegistry: Asset discovery search completed in 48.6095 seconds
[2017.09.22-09.33.42:610][  3]LogCollectionManager: Rebuilt the object cache for 0 collections in 0.000000 seconds (found 0 objects)
[2017.09.22-09.33.42:610][  3]LogCollectionManager: Fixed up redirectors for 0 collections in 0.000054 seconds (updated 0 objects)
[2017.09.22-09.33.43:217][ 36]LogSlate: Took 0.000350 seconds to synchronously load lazily loaded font '../../../Engine/Content/Slate/Fonts/Roboto-Light.ttf' (159K)
[2017.09.22-09.38.04:631][715]LogWindowsTextInputMethodSystem: Display: IME system now activated using TSF (Microsoft IME).
[2017.09.22-09.38.04:631][715]LogWindowsTextInputMethodSystem: Display: IME system now activated using TSF (Microsoft IME).
[2017.09.22-09.38.04:663][715]LogWindowsTextInputMethodSystem: Display: IME system now activated using TSF (Microsoft IME).
[2017.09.22-09.38.04:663][715]LogWindowsTextInputMethodSystem: Display: IME system now activated using TSF (Microsoft IME).
[2017.09.22-09.38.04:972][716]Cmd: QUIT_EDITOR
[2017.09.22-09.38.05:087][716]LogWindowsTextInputMethodSystem: Display: IME system now activated using TSF (Microsoft IME).
[2017.09.22-09.38.05:087][716]LogWindowsTextInputMethodSystem: Display: IME system now activated using TSF (Microsoft IME).
[2017.09.22-09.38.05:117][716]LogExit: Preparing to exit.
[2017.09.22-09.38.06:204][716]LogDirectoryWatcher: A directory notification for 'D:/sada-/Documents/GitProjects/EquestriaDefenseMares/EDM_Project 4.17/Content/' was aborted.
[2017.09.22-09.38.06:259][716]LogExit: Editor shut down
[2017.09.22-09.38.06:263][716]LogExit: Transaction tracking system shut down
[2017.09.22-09.38.06:485][716]LogDirectoryWatcher: A directory notification for '../../../Engine/Content/' was aborted.
[2017.09.22-09.38.06:485][716]LogDirectoryWatcher: A directory notification for '../../../../../../sada-/Documents/GitProjects/EquestriaDefenseMares/EDM_Project 4.17/Content/' was aborted.
[2017.09.22-09.38.06:485][716]LogDirectoryWatcher: A directory notification for '../../../Engine/Plugins/2D/Paper2D/Content/' was aborted.
[2017.09.22-09.38.06:485][716]LogDirectoryWatcher: A directory notification for '../../../Engine/Plugins/Runtime/Oculus/OculusVR/Content/' was aborted.
[2017.09.22-09.38.06:485][716]LogDirectoryWatcher: A directory notification for '../../../Engine/Plugins/Runtime/Steam/SteamVR/Content/' was aborted.
[2017.09.22-09.38.06:922][716]LogExit: Object subsystem successfully closed.
[2017.09.22-09.38.06:998][716]LogD3D11RHI: Shutdown
[2017.09.22-09.38.07:002][716]LogD3D11RHI: CleanupD3DDevice
[2017.09.22-09.38.07:069][716]LogD3D11RHI: ~FD3D11DynamicRHI
[2017.09.22-09.38.07:275][716]LogModuleManager: Shutting down and abandoning module HierarchicalLODOutliner (530)
[2017.09.22-09.38.07:275][716]LogModuleManager: Shutting down and abandoning module SceneOutliner (528)
[2017.09.22-09.38.07:275][716]LogModuleManager: Shutting down and abandoning module AddContentDialog (526)
[2017.09.22-09.38.07:275][716]LogDirectoryWatcher: A directory notification for 'D:/Program files/EpicGames/UE_4.17/FeaturePacks/' was aborted.
[2017.09.22-09.38.07:276][716]LogModuleManager: Shutting down and abandoning module WidgetCarousel (525)
[2017.09.22-09.38.07:276][716]LogModuleManager: Shutting down and abandoning module EditorWidgets (522)
[2017.09.22-09.38.07:276][716]LogModuleManager: Shutting down and abandoning module CollectionManager (520)
[2017.09.22-09.38.07:276][716]LogDirectoryWatcher: A directory notification for 'D:/sada-/Documents/GitProjects/EquestriaDefenseMares/EDM_Project 4.17/Content/Collections/' was aborted.
[2017.09.22-09.38.07:276][716]LogDirectoryWatcher: A directory notification for 'D:/sada-/Documents/GitProjects/EquestriaDefenseMares/EDM_Project 4.17/Content/Developers/sada/Collections/' was aborted.
[2017.09.22-09.38.07:276][716]LogDirectoryWatcher: A directory notification for 'D:/sada-/Documents/GitProjects/EquestriaDefenseMares/EDM_Project 4.17/Saved/Collections/' was aborted.
[2017.09.22-09.38.07:276][716]LogModuleManager: Shutting down and abandoning module StatsViewer (518)
[2017.09.22-09.38.07:276][716]LogModuleManager: Shutting down and abandoning module FoliageEdit (516)
[2017.09.22-09.38.07:276][716]LogModuleManager: Shutting down and abandoning module LandscapeEditor (514)
[2017.09.22-09.38.07:283][716]LogModuleManager: Shutting down and abandoning module MeshPaintMode (512)
[2017.09.22-09.38.07:283][716]LogModuleManager: Shutting down and abandoning module SceneDepthPickerMode (510)
[2017.09.22-09.38.07:283][716]LogModuleManager: Shutting down and abandoning module ActorPickerMode (508)
[2017.09.22-09.38.07:283][716]LogModuleManager: Shutting down and abandoning module GeometryMode (506)
[2017.09.22-09.38.07:283][716]LogModuleManager: Shutting down and abandoning module TextureAlignMode (504)
[2017.09.22-09.38.07:283][716]LogModuleManager: Shutting down and abandoning module BspMode (502)
[2017.09.22-09.38.07:283][716]LogModuleManager: Shutting down and abandoning module PIEPreviewDeviceProfileSelector (500)
[2017.09.22-09.38.07:283][716]LogModuleManager: Shutting down and abandoning module HardwareSurvey (498)
[2017.09.22-09.38.07:283][716]LogModuleManager: Shutting down and abandoning module SequenceRecorderSections (496)
[2017.09.22-09.38.07:283][716]LogModuleManager: Shutting down and abandoning module AutomationWorker (494)
[2017.09.22-09.38.07:283][716]LogModuleManager: Shutting down and abandoning module MatineeToLevelSequence (492)
[2017.09.22-09.38.07:283][716]LogModuleManager: Shutting down and abandoning module LevelSequenceEditor (490)
[2017.09.22-09.38.07:298][716]LogModuleManager: Shutting down and abandoning module PlacementMode (489)
[2017.09.22-09.38.07:298][716]LogModuleManager: Shutting down and abandoning module WmfMediaFactory (486)
[2017.09.22-09.38.07:298][716]LogModuleManager: Shutting down and abandoning module WmfMediaEditor (484)
[2017.09.22-09.38.07:298][716]LogModuleManager: Shutting down and abandoning module AvfMediaFactory (482)
[2017.09.22-09.38.07:298][716]LogModuleManager: Shutting down and abandoning module AvfMediaEditor (480)
[2017.09.22-09.38.07:298][716]LogModuleManager: Shutting down and abandoning module AndroidMediaFactory (478)
[2017.09.22-09.38.07:298][716]LogModuleManager: Shutting down and abandoning module Media (477)
[2017.09.22-09.38.07:298][716]LogModuleManager: Shutting down and abandoning module AndroidMediaEditor (474)
[2017.09.22-09.38.07:298][716]LogModuleManager: Shutting down and abandoning module CharacterAI (472)
[2017.09.22-09.38.07:298][716]LogModuleManager: Shutting down and abandoning module AudioCapture (470)
[2017.09.22-09.38.07:298][716]LogModuleManager: Shutting down and abandoning module SequenceRecorder (469)
[2017.09.22-09.38.07:298][716]LogModuleManager: Shutting down and abandoning module SmartSnapping (466)
[2017.09.22-09.38.07:298][716]LogModuleManager: Shutting down and abandoning module SessionServices (464)
[2017.09.22-09.38.07:298][716]LogModuleManager: Shutting down and abandoning module ViewportSnapping (462)
[2017.09.22-09.38.07:298][716]LogModuleManager: Shutting down and abandoning module ViewportInteraction (460)
[2017.09.22-09.38.07:298][716]LogModuleManager: Shutting down and abandoning module ClothPainter (458)
[2017.09.22-09.38.07:308][716]LogModuleManager: Shutting down and abandoning module LogVisualizer (456)
[2017.09.22-09.38.07:309][716]LogModuleManager: Shutting down and abandoning module IntroTutorials (454)
[2017.09.22-09.38.07:309][716]LogModuleManager: Shutting down and abandoning module GameProjectGeneration (453)
[2017.09.22-09.38.07:322][716]LogModuleManager: Shutting down and abandoning module IOSPlatformEditor (450)
[2017.09.22-09.38.07:322][716]LogModuleManager: Shutting down and abandoning module HTML5PlatformEditor (448)
[2017.09.22-09.38.07:322][716]LogModuleManager: Shutting down and abandoning module AndroidPlatformEditor (446)
[2017.09.22-09.38.07:322][716]LogModuleManager: Shutting down and abandoning module AndroidDeviceDetection (445)
[2017.09.22-09.38.07:439][716]LogModuleManager: Shutting down and abandoning module WindowsPlatformEditor (442)
[2017.09.22-09.38.07:439][716]LogModuleManager: Shutting down and abandoning module IOSRuntimeSettings (440)
[2017.09.22-09.38.07:439][716]LogModuleManager: Shutting down and abandoning module AndroidRuntimeSettings (438)
[2017.09.22-09.38.07:439][716]LogModuleManager: Shutting down and abandoning module InputBindingEditor (436)
[2017.09.22-09.38.07:439][716]LogModuleManager: Shutting down and abandoning module MergeActors (434)
[2017.09.22-09.38.07:447][716]LogModuleManager: Shutting down and abandoning module SizeMap (432)
[2017.09.22-09.38.07:447][716]LogModuleManager: Shutting down and abandoning module TreeMap (430)
[2017.09.22-09.38.07:447][716]LogModuleManager: Shutting down and abandoning module ReferenceViewer (428)
[2017.09.22-09.38.07:447][716]LogModuleManager: Shutting down and abandoning module LocalizationDashboard (426)
[2017.09.22-09.38.07:451][716]LogModuleManager: Shutting down and abandoning module LocalizationService (425)
[2017.09.22-09.38.07:451][716]LogModuleManager: Shutting down and abandoning module HardwareTargeting (422)
[2017.09.22-09.38.07:451][716]LogModuleManager: Shutting down and abandoning module DeviceProfileEditor (420)
[2017.09.22-09.38.07:451][716]LogModuleManager: Shutting down and abandoning module UndoHistory (418)
[2017.09.22-09.38.07:451][716]LogModuleManager: Shutting down and abandoning module XmlParser (416)
[2017.09.22-09.38.07:451][716]LogModuleManager: Shutting down and abandoning module Blutility (414)
[2017.09.22-09.38.07:451][716]LogModuleManager: Shutting down and abandoning module ProjectSettingsViewer (412)
[2017.09.22-09.38.07:451][716]LogModuleManager: Shutting down and abandoning module ProjectTargetPlatformEditor (411)
[2017.09.22-09.38.07:451][716]LogModuleManager: Shutting down and abandoning module EditorSettingsViewer (408)
[2017.09.22-09.38.07:451][716]LogModuleManager: Shutting down and abandoning module SettingsEditor (406)
[2017.09.22-09.38.07:456][716]LogModuleManager: Shutting down and abandoning module ProjectLauncher (404)
[2017.09.22-09.38.07:465][716]LogModuleManager: Shutting down and abandoning module SessionFrontend (402)
[2017.09.22-09.38.07:465][716]LogModuleManager: Shutting down and abandoning module ProfilerClient (400)
[2017.09.22-09.38.07:471][716]LogModuleManager: Shutting down and abandoning module DeviceManager (398)
[2017.09.22-09.38.07:471][716]LogModuleManager: Shutting down and abandoning module TargetDeviceServices (397)
[2017.09.22-09.38.07:524][716]LogModuleManager: Shutting down and abandoning module AutomationController (394)
[2017.09.22-09.38.07:524][716]LogModuleManager: Shutting down and abandoning module AutomationWindow (392)
[2017.09.22-09.38.07:532][716]LogModuleManager: Shutting down and abandoning module Layers (390)
[2017.09.22-09.38.07:539][716]LogModuleManager: Shutting down and abandoning module ComponentVisualizers (388)
[2017.09.22-09.38.07:539][716]LogModuleManager: Shutting down and abandoning module DetailCustomizations (386)
[2017.09.22-09.38.07:540][716]LogModuleManager: Shutting down and abandoning module PackagesDialog (384)
[2017.09.22-09.38.07:540][716]LogModuleManager: Shutting down and abandoning module Persona (382)
[2017.09.22-09.38.07:553][716]LogModuleManager: Shutting down and abandoning module AdvancedPreviewScene (381)
[2017.09.22-09.38.07:553][716]LogModuleManager: Shutting down and abandoning module AnimGraph (379)
[2017.09.22-09.38.07:553][716]LogModuleManager: Shutting down and abandoning module Kismet (376)
[2017.09.22-09.38.07:553][716]LogModuleManager: Shutting down and abandoning module ClassViewer (374)
[2017.09.22-09.38.07:553][716]LogModuleManager: Shutting down and abandoning module Toolbox (372)
[2017.09.22-09.38.07:553][716]LogModuleManager: Shutting down and abandoning module ModuleUI (370)
[2017.09.22-09.38.07:562][716]LogModuleManager: Shutting down and abandoning module MovieSceneTools (368)
[2017.09.22-09.38.07:568][716]LogModuleManager: Shutting down and abandoning module OutputLog (366)
[2017.09.22-09.38.07:568][716]LogModuleManager: Shutting down and abandoning module GammaUI (364)
[2017.09.22-09.38.07:568][716]LogModuleManager: Shutting down and abandoning module Documentation (362)
[2017.09.22-09.38.07:568][716]LogModuleManager: Shutting down and abandoning module MovieSceneTracks (360)
[2017.09.22-09.38.07:568][716]LogModuleManager: Shutting down and abandoning module MovieScene (358)
[2017.09.22-09.38.07:568][716]LogModuleManager: Shutting down and abandoning module Niagara (356)
[2017.09.22-09.38.07:568][716]LogModuleManager: Shutting down and abandoning module NiagaraEditor (355)
[2017.09.22-09.38.07:577][716]LogModuleManager: Shutting down and abandoning module StreamingPauseRendering (352)
[2017.09.22-09.38.07:577][716]LogModuleManager: Shutting down and abandoning module LauncherPlatform (350)
[2017.09.22-09.38.07:577][716]LogModuleManager: Shutting down and abandoning module AnalyticsET (348)
[2017.09.22-09.38.07:577][716]LogModuleManager: Shutting down and abandoning module PortalServices (346)
[2017.09.22-09.38.07:577][716]LogModuleManager: Shutting down and abandoning module PortalRpc (344)
[2017.09.22-09.38.07:577][716]LogModuleManager: Shutting down and abandoning module MessagingRpc (342)
[2017.09.22-09.38.07:577][716]LogModuleManager: Shutting down and abandoning module AIModule (340)
[2017.09.22-09.38.07:577][716]LogModuleManager: Shutting down and abandoning module GameplayDebugger (339)
[2017.09.22-09.38.07:577][716]LogModuleManager: Shutting down and abandoning module AITestSuite (337)
[2017.09.22-09.38.07:577][716]LogModuleManager: Shutting down and abandoning module ProfilerService (334)
[2017.09.22-09.38.07:604][716]LogModuleManager: Shutting down and abandoning module TaskGraph (332)
[2017.09.22-09.38.07:604][716]LogModuleManager: Shutting down and abandoning module SteamVRController (330)
[2017.09.22-09.38.07:604][716]LogModuleManager: Shutting down and abandoning module ProceduralMeshComponentEditor (328)
[2017.09.22-09.38.07:604][716]LogModuleManager: Shutting down and abandoning module ProceduralMeshComponent (326)
[2017.09.22-09.38.07:605][716]LogModuleManager: Shutting down and abandoning module OculusInput (324)
[2017.09.22-09.38.07:605][716]LogModuleManager: Shutting down and abandoning module MobilePatchingUtils (322)
[2017.09.22-09.38.07:605][716]LogModuleManager: Shutting down and abandoning module CustomMeshComponent (320)
[2017.09.22-09.38.07:605][716]LogModuleManager: Shutting down and abandoning module CableComponent (318)
[2017.09.22-09.38.07:605][716]LogModuleManager: Shutting down and abandoning module ArchVisCharacter (316)
[2017.09.22-09.38.07:605][716]LogModuleManager: Shutting down and abandoning module AndroidPermission (314)
[2017.09.22-09.38.07:605][716]LogModuleManager: Shutting down and abandoning module MediaPlayerEditor (310)
[2017.09.22-09.38.07:619][716]LogModuleManager: Shutting down and abandoning module HTML5Networking (308)
[2017.09.22-09.38.07:619][716]LogModuleManager: Shutting down and abandoning module AlembicImporter (306)
[2017.09.22-09.38.07:627][716]LogModuleManager: Shutting down and abandoning module AlembicLibrary (305)
[2017.09.22-09.38.07:627][716]LogModuleManager: Shutting down and abandoning module GeometryCache (304)
[2017.09.22-09.38.07:627][716]LogModuleManager: Shutting down and abandoning module GeometryCacheEd (303)
[2017.09.22-09.38.07:627][716]LogModuleManager: Shutting down and abandoning module SpeedTreeImporter (298)
[2017.09.22-09.38.07:627][716]LogModuleManager: Shutting down and abandoning module PluginBrowser (296)
[2017.09.22-09.38.07:628][716]LogModuleManager: Shutting down and abandoning module MobileLauncherProfileWizard (294)
[2017.09.22-09.38.07:628][716]LogModuleManager: Shutting down and abandoning module VisualStudioSourceCodeAccess (292)
[2017.09.22-09.38.07:628][716]LogModuleManager: Shutting down and abandoning module DesktopPlatform (291)
[2017.09.22-09.38.07:628][716]LogModuleManager: Shutting down and abandoning module UObjectPlugin (288)
[2017.09.22-09.38.07:628][716]LogModuleManager: Shutting down and abandoning module SubversionSourceControl (286)
[2017.09.22-09.38.07:628][716]LogModuleManager: Shutting down and abandoning module PerforceSourceControl (284)
[2017.09.22-09.38.07:628][716]LogModuleManager: Shutting down and abandoning module GitSourceControl (282)
[2017.09.22-09.38.07:628][716]LogModuleManager: Shutting down and abandoning module SourceControl (281)
[2017.09.22-09.38.07:628][716]LogModuleManager: Shutting down and abandoning module LightPropagationVolumeEditor (278)
[2017.09.22-09.38.07:628][716]LogModuleManager: Shutting down and abandoning module PaperTiledImporter (276)
[2017.09.22-09.38.07:628][716]LogModuleManager: Shutting down and abandoning module PaperSpriteSheetImporter (274)
[2017.09.22-09.38.07:628][716]LogModuleManager: Shutting down and abandoning module Paper2DEditor (272)
[2017.09.22-09.38.07:628][716]LogModuleManager: Shutting down and abandoning module MeshPaint (271)
[2017.09.22-09.38.07:628][716]LogModuleManager: Shutting down and abandoning module LevelEditor (269)
[2017.09.22-09.38.07:629][716]LogModuleManager: Shutting down and abandoning module PixelInspectorModule (268)
[2017.09.22-09.38.07:629][716]LogModuleManager: Shutting down and abandoning module MainFrame (266)
[2017.09.22-09.38.07:629][716]LogModuleManager: Shutting down and abandoning module HotReload (265)
[2017.09.22-09.38.07:629][716]LogModuleManager: Shutting down and abandoning module RuntimePhysXCooking (260)
[2017.09.22-09.38.07:629][716]LogModuleManager: Shutting down and abandoning module PhysXVehiclesEditor (258)
[2017.09.22-09.38.07:629][716]LogModuleManager: Shutting down and abandoning module PhysXVehicles (256)
[2017.09.22-09.38.07:629][716]LogModuleManager: Shutting down and abandoning module OculusEditor (254)
[2017.09.22-09.38.07:629][716]LogModuleManager: Shutting down and abandoning module LocationServicesBPLibrary (252)
[2017.09.22-09.38.07:629][716]LogModuleManager: Shutting down and abandoning module ImmediatePhysicsEditor (250)
[2017.09.22-09.38.07:629][716]LogModuleManager: Shutting down and abandoning module ImmediatePhysics (248)
[2017.09.22-09.38.07:629][716]LogModuleManager: Shutting down and abandoning module UdpMessaging (246)
[2017.09.22-09.38.07:730][716]LogModuleManager: Shutting down and abandoning module TcpMessaging (244)
[2017.09.22-09.38.07:831][716]LogModuleManager: Shutting down and abandoning module GameplayTagsEditor (242)
[2017.09.22-09.38.07:831][716]LogModuleManager: Shutting down and abandoning module FacialAnimationEditor (240)
[2017.09.22-09.38.07:831][716]LogModuleManager: Shutting down and abandoning module FacialAnimation (238)
[2017.09.22-09.38.07:831][716]LogModuleManager: Shutting down and abandoning module AssetManagerEditor (236)
[2017.09.22-09.38.07:831][716]LogModuleManager: Shutting down and abandoning module GraphEditor (235)
[2017.09.22-09.38.07:851][716]LogModuleManager: Shutting down and abandoning module ContentBrowser (233)
[2017.09.22-09.38.07:852][716]LogModuleManager: Shutting down and abandoning module LightPropagationVolumeRuntime (230)
[2017.09.22-09.38.07:852][716]LogModuleManager: Shutting down and abandoning module Paper2D (228)
[2017.09.22-09.38.07:852][716]LogModuleManager: Shutting down and abandoning module WindowsMoviePlayer (226)
[2017.09.22-09.38.07:852][716]LogModuleManager: Shutting down and abandoning module WmfMedia (224)
[2017.09.22-09.38.07:852][716]LogModuleManager: Shutting down and abandoning module PacketHandler (222)
[2017.09.22-09.38.07:852][716]LogModuleManager: Shutting down and abandoning module ClothingSystemEditor (220)
[2017.09.22-09.38.07:852][716]LogModuleManager: Shutting down and abandoning module ClothingSystemRuntime (218)
[2017.09.22-09.38.07:857][716]LogModuleManager: Shutting down and abandoning module Overlay (216)
[2017.09.22-09.38.07:857][716]LogModuleManager: Shutting down and abandoning module OverlayEditor (215)
[2017.09.22-09.38.07:857][716]LogModuleManager: Shutting down and abandoning module MediaAssets (212)
[2017.09.22-09.38.07:857][716]LogModuleManager: Shutting down and abandoning module VREditor (210)
[2017.09.22-09.38.07:866][716]LogModuleManager: Shutting down and abandoning module StringTableEditor (208)
[2017.09.22-09.38.07:870][716]LogModuleManager: Shutting down and abandoning module GameplayTasksEditor (206)
[2017.09.22-09.38.07:870][716]LogModuleManager: Shutting down and abandoning module BehaviorTreeEditor (204)
[2017.09.22-09.38.07:883][716]LogModuleManager: Shutting down and abandoning module FunctionalTesting (202)
[2017.09.22-09.38.07:883][716]LogModuleManager: Shutting down and abandoning module CollisionAnalyzer (200)
[2017.09.22-09.38.07:883][716]LogModuleManager: Shutting down and abandoning module WorkspaceMenuStructure (199)
[2017.09.22-09.38.07:883][716]LogModuleManager: Shutting down and abandoning module UMG (196)
[2017.09.22-09.38.07:894][716]LogModuleManager: Shutting down and abandoning module UMGEditor (195)
[2017.09.22-09.38.07:898][716]LogModuleManager: Shutting down and abandoning module Sequencer (194)
[2017.09.22-09.38.07:907][716]LogModuleManager: Shutting down and abandoning module MessageLog (191)
[2017.09.22-09.38.07:907][716]LogModuleManager: Shutting down and abandoning module SlateReflector (186)
[2017.09.22-09.38.07:926][716]LogModuleManager: Shutting down and abandoning module Slate (184)
[2017.09.22-09.38.07:926][716]LogModuleManager: Shutting down and abandoning module EditorStyle (182)
[2017.09.22-09.38.07:928][716]LogModuleManager: Shutting down and abandoning module MRMesh (180)
[2017.09.22-09.38.07:928][716]LogModuleManager: Shutting down and abandoning module SourceCodeAccess (178)
[2017.09.22-09.38.07:928][716]LogModuleManager: Shutting down and abandoning module HeadMountedDisplay (176)
[2017.09.22-09.38.07:929][716]LogModuleManager: Shutting down and abandoning module XAudio2 (174)
[2017.09.22-09.38.07:929][716]LogModuleManager: Shutting down and abandoning module Networking (172)
[2017.09.22-09.38.07:929][716]LogModuleManager: Shutting down and abandoning module Core (168)
[2017.09.22-09.38.07:929][716]LogModuleManager: Shutting down and abandoning module KismetCompiler (164)
[2017.09.22-09.38.07:929][716]LogModuleManager: Shutting down and abandoning module LevelSequence (162)
[2017.09.22-09.38.07:929][716]LogModuleManager: Shutting down and abandoning module MeshUtilities (160)
[2017.09.22-09.38.07:941][716]LogModuleManager: Shutting down and abandoning module MeshMergeUtilities (159)
[2017.09.22-09.38.07:947][716]LogModuleManager: Shutting down and abandoning module MeshReductionInterface (158)
[2017.09.22-09.38.07:948][716]LogModuleManager: Shutting down and abandoning module SimplygonSwarm (157)
[2017.09.22-09.38.07:956][716]LogModuleManager: Shutting down and abandoning module SimplygonMeshReduction (155)
[2017.09.22-09.38.07:956][716]LogModuleManager: Shutting down and abandoning module QuadricMeshReduction (153)
[2017.09.22-09.38.07:956][716]LogModuleManager: Shutting down and abandoning module MaterialBaking (149)
[2017.09.22-09.38.07:956][716]LogModuleManager: Shutting down and abandoning module DirectoryWatcher (146)
[2017.09.22-09.38.07:957][716]LogModuleManager: Shutting down and abandoning module DerivedDataCache (144)
[2017.09.22-09.38.07:968][716]LogDerivedDataCache: Shutdown
[2017.09.22-09.38.07:968][716]LogModuleManager: Shutting down and abandoning module TargetPlatform (142)
[2017.09.22-09.38.07:968][716]LogModuleManager: Shutting down and abandoning module VulkanShaderFormat (141)
[2017.09.22-09.38.07:968][716]LogModuleManager: Shutting down and abandoning module ShaderFormatVectorVM (139)
[2017.09.22-09.38.07:979][716]LogModuleManager: Shutting down and abandoning module ShaderFormatOpenGL (137)
[2017.09.22-09.38.07:984][716]LogModuleManager: Shutting down and abandoning module ShaderFormatD3D (135)
[2017.09.22-09.38.07:984][716]LogModuleManager: Shutting down and abandoning module MetalShaderFormat (133)
[2017.09.22-09.38.08:022][716]LogModuleManager: Shutting down and abandoning module TextureFormatUncompressed (131)
[2017.09.22-09.38.08:022][716]LogModuleManager: Shutting down and abandoning module TextureFormatPVR (129)
[2017.09.22-09.38.08:022][716]LogModuleManager: Shutting down and abandoning module TextureFormatDXT (127)
[2017.09.22-09.38.08:022][716]LogModuleManager: Shutting down and abandoning module TextureFormatIntelISPCTexComp (125)
[2017.09.22-09.38.08:023][716]LogModuleManager: Shutting down and abandoning module TextureFormatASTC (123)
[2017.09.22-09.38.08:023][716]LogModuleManager: Shutting down and abandoning module ImageWrapper (122)
[2017.09.22-09.38.08:023][716]LogModuleManager: Shutting down and abandoning module TextureFormatAndroid (119)
[2017.09.22-09.38.08:023][716]LogModuleManager: Shutting down and abandoning module AudioFormatOpus (117)
[2017.09.22-09.38.08:023][716]LogModuleManager: Shutting down and abandoning module AudioFormatOgg (115)
[2017.09.22-09.38.08:023][716]LogModuleManager: Shutting down and abandoning module AudioFormatADPCM (113)
[2017.09.22-09.38.08:023][716]LogModuleManager: Shutting down and abandoning module LinuxTargetPlatform (111)
[2017.09.22-09.38.08:023][716]LogModuleManager: Shutting down and abandoning module LinuxServerTargetPlatform (109)
[2017.09.22-09.38.08:023][716]LogModuleManager: Shutting down and abandoning module LinuxNoEditorTargetPlatform (107)
[2017.09.22-09.38.08:023][716]LogModuleManager: Shutting down and abandoning module LinuxClientTargetPlatform (105)
[2017.09.22-09.38.08:023][716]LogModuleManager: Shutting down and abandoning module TVOSTargetPlatform (103)
[2017.09.22-09.38.08:023][716]LogModuleManager: Shutting down and abandoning module Messaging (101)
[2017.09.22-09.38.08:023][716]LogModuleManager: Shutting down and abandoning module IOSTargetPlatform (99)
[2017.09.22-09.38.08:023][716]LogModuleManager: Shutting down and abandoning module HTML5TargetPlatform (97)
[2017.09.22-09.38.08:023][716]LogModuleManager: Shutting down and abandoning module Android_PVRTCTargetPlatform (95)
[2017.09.22-09.38.08:023][716]LogModuleManager: Shutting down and abandoning module Android_MultiTargetPlatform (93)
[2017.09.22-09.38.08:023][716]LogModuleManager: Shutting down and abandoning module Android_ETC2TargetPlatform (91)
[2017.09.22-09.38.08:023][716]LogModuleManager: Shutting down and abandoning module Android_ETC1TargetPlatform (89)
[2017.09.22-09.38.08:023][716]LogModuleManager: Shutting down and abandoning module Android_DXTTargetPlatform (87)
[2017.09.22-09.38.08:023][716]LogModuleManager: Shutting down and abandoning module Android_ATCTargetPlatform (85)
[2017.09.22-09.38.08:023][716]LogModuleManager: Shutting down and abandoning module Android_ASTCTargetPlatform (83)
[2017.09.22-09.38.08:023][716]LogModuleManager: Shutting down and abandoning module AndroidTargetPlatform (81)
[2017.09.22-09.38.08:023][716]LogModuleManager: Shutting down and abandoning module WindowsTargetPlatform (79)
[2017.09.22-09.38.08:023][716]LogModuleManager: Shutting down and abandoning module WindowsServerTargetPlatform (77)
[2017.09.22-09.38.08:023][716]LogModuleManager: Shutting down and abandoning module WindowsNoEditorTargetPlatform (75)
[2017.09.22-09.38.08:023][716]LogModuleManager: Shutting down and abandoning module WindowsClientTargetPlatform (73)
[2017.09.22-09.38.08:023][716]LogModuleManager: Shutting down and abandoning module MacTargetPlatform (71)
[2017.09.22-09.38.08:023][716]LogModuleManager: Shutting down and abandoning module MacServerTargetPlatform (69)
[2017.09.22-09.38.08:023][716]LogModuleManager: Shutting down and abandoning module MacNoEditorTargetPlatform (67)
[2017.09.22-09.38.08:023][716]LogModuleManager: Shutting down and abandoning module MacClientTargetPlatform (65)
[2017.09.22-09.38.08:023][716]LogModuleManager: Shutting down and abandoning module AllDesktopTargetPlatform (63)
[2017.09.22-09.38.08:023][716]LogModuleManager: Shutting down and abandoning module InputCore (60)
[2017.09.22-09.38.08:023][716]LogModuleManager: Shutting down and abandoning module Settings (58)
[2017.09.22-09.38.08:023][716]LogModuleManager: Shutting down and abandoning module PhysXCooking (56)
[2017.09.22-09.38.08:023][716]LogModuleManager: Shutting down and abandoning module SteamVR (54)
[2017.09.22-09.38.08:023][716]LogModuleManager: Shutting down and abandoning module OculusHMD (52)
[2017.09.22-09.38.08:023][716]LogModuleManager: Shutting down and abandoning module ExampleDeviceProfileSelector (50)
[2017.09.22-09.38.08:023][716]LogModuleManager: Shutting down and abandoning module OnlineBlueprintSupport (48)
[2017.09.22-09.38.08:023][716]LogModuleManager: Shutting down and abandoning module OnlineSubsystem (44)
[2017.09.22-09.38.08:023][716]LogOnline: Display: Unloading online subsystem: NULL
[2017.09.22-09.38.08:034][716]LogModuleManager: Shutting down and abandoning module XMPP (43)
[2017.09.22-09.38.08:045][716]LogModuleManager: Shutting down and abandoning module HTTP (41)
[2017.09.22-09.38.08:045][716]LogHttp: Display: Http module shutting down, but needs to wait on 1 outstanding Http requests:
[2017.09.22-09.38.08:045][716]LogHttp: Display: 	verb=[POST] url=[https://datarouter.ol.epicgames.com/datarouter/api/v1/public/data?SessionID=%7B5FA39F26-49F6-78F5-8D2E-1DAD1A1729DF%7D&AppID=UEEditor.Rocket.Release&AppVersion=4.17.1-3586342%2B%2B%2BUE4%2BRelease-4.17&UserID=65903aba45b4859775e8949a0d28a9c5%7Cf7843e21c7ad4d7dab13e2d1ce93588f%7C1066e7b4-d916-449a-a240-8e72a19260a1&AppEnvironment=datacollector-binary&UploadType=eteventstream] status=Processing
[2017.09.22-09.38.08:071][716]LogModuleManager: Shutting down and abandoning module SSL (40)
[2017.09.22-09.38.08:072][716]LogModuleManager: Shutting down and abandoning module AnimationModifiers (36)
[2017.09.22-09.38.08:072][716]LogModuleManager: Shutting down and abandoning module PropertyEditor (35)
[2017.09.22-09.38.08:072][716]LogModuleManager: Shutting down and abandoning module AudioEditor (32)
[2017.09.22-09.38.08:085][716]LogModuleManager: Shutting down and abandoning module TextureCompressor (30)
[2017.09.22-09.38.08:085][716]LogModuleManager: Shutting down and abandoning module ShaderCore (28)
[2017.09.22-09.38.08:085][716]LogModuleManager: Shutting down and abandoning module Landscape (26)
[2017.09.22-09.38.08:085][716]LogModuleManager: Shutting down and abandoning module SlateRHIRenderer (24)
[2017.09.22-09.38.08:096][716]LogModuleManager: Shutting down and abandoning module OpenGLDrv (22)
[2017.09.22-09.38.08:107][716]LogModuleManager: Shutting down and abandoning module D3D11RHI (20)
[2017.09.22-09.38.08:107][716]LogModuleManager: Shutting down and abandoning module AnimGraphRuntime (18)
[2017.09.22-09.38.08:107][716]LogModuleManager: Shutting down and abandoning module Renderer (16)
[2017.09.22-09.38.08:107][716]LogModuleManager: Shutting down and abandoning module Engine (14)
[2017.09.22-09.38.08:107][716]LogModuleManager: Shutting down and abandoning module CoreUObject (12)
[2017.09.22-09.38.08:107][716]LogModuleManager: Shutting down and abandoning module NetworkFile (10)
[2017.09.22-09.38.08:107][716]LogModuleManager: Shutting down and abandoning module CookedIterativeFile (8)
[2017.09.22-09.38.08:107][716]LogModuleManager: Shutting down and abandoning module StreamingFile (6)
[2017.09.22-09.38.08:107][716]LogModuleManager: Shutting down and abandoning module SandboxFile (4)
[2017.09.22-09.38.08:107][716]LogModuleManager: Shutting down and abandoning module PakFile (2)
[2017.09.22-09.38.08:109][716]LogExit: Exiting.
[2017.09.22-09.38.08:124][716]Log file closed, 09/22/17 18:38:08
